<?xml version="1.0" encoding="utf-8"?><testsuites name="pytest tests"><testsuite name="pytest" errors="0" failures="0" skipped="0" tests="10" time="64.573" timestamp="2026-05-27T04:38:44.217805+00:00" hostname="agent-env-c87a9cbe-9bb3-4be4-87c8-7052b653b88c"><testcase classname="backend.tests.test_agreements.TestAIAgreement" name="test_ai_agreement_requires_auth" time="0.507" /><testcase classname="backend.tests.test_agreements.TestAIAgreement" name="test_ai_agreement_generates_sections" time="30.054" /><testcase classname="backend.tests.test_agreements.TestAgreementsCRUD" name="test_list_agreements_requires_auth" time="0.060" /><testcase classname="backend.tests.test_agreements.TestAgreementsCRUD" name="test_create_get_update_delete" time="0.434" /><testcase classname="backend.tests.test_agreements.TestPublicAgreement" name="test_public_get_no_auth" time="0.104" /><testcase classname="backend.tests.test_agreements.TestPublicAgreement" name="test_sign_drawn_requires_image" time="0.049" /><testcase classname="backend.tests.test_agreements.TestPublicAgreement" name="test_sign_invalid_method" time="0.048" /><testcase classname="backend.tests.test_agreements.TestPublicAgreement" name="test_sign_button_success" time="0.216" /><testcase classname="backend.tests.test_agreements.TestPublicAgreement" name="test_sign_drawn_success" time="0.159" /><testcase classname="backend.tests.test_agreements.TestQuoteApprovalAutoAgreement" name="test_quote_approval_auto_creates_agreement_and_no_duplicate" time="32.856" /></testsuite></testsuites>