<?xml version="1.0" encoding="utf-8"?><testsuites name="pytest tests"><testsuite name="pytest" errors="0" failures="0" skipped="0" tests="22" time="9.004" timestamp="2026-05-27T20:27:46.716648+00:00" hostname="agent-env-ab611344-0a7d-4a8f-b6a1-76f107a997c9"><testcase classname="backend.tests.test_comp_invites.TestAdminAuthGating" name="test_create_invite_requires_super_admin" time="0.542" /><testcase classname="backend.tests.test_comp_invites.TestAdminAuthGating" name="test_create_invite_no_auth" time="0.113" /><testcase classname="backend.tests.test_comp_invites.TestAdminAuthGating" name="test_list_invites_requires_super_admin" time="0.499" /><testcase classname="backend.tests.test_comp_invites.TestAdminAuthGating" name="test_list_users_requires_super_admin" time="0.478" /><testcase classname="backend.tests.test_comp_invites.TestAdminAuthGating" name="test_grant_comp_requires_super_admin" time="0.560" /><testcase classname="backend.tests.test_comp_invites.TestAdminAuthGating" name="test_revoke_comp_requires_super_admin" time="0.490" /><testcase classname="backend.tests.test_comp_invites.TestCompInvites" name="test_create_open_invite" time="0.495" /><testcase classname="backend.tests.test_comp_invites.TestCompInvites" name="test_create_email_restricted_indefinite_invite" time="0.113" /><testcase classname="backend.tests.test_comp_invites.TestCompInvites" name="test_list_invites_contains_created" time="0.225" /><testcase classname="backend.tests.test_comp_invites.TestCompInvites" name="test_revoke_invite" time="0.328" /><testcase classname="backend.tests.test_comp_invites.TestCompInvites" name="test_revoke_unknown_invite_404" time="0.143" /><testcase classname="backend.tests.test_comp_invites.TestRegisterWithInvite" name="test_register_with_valid_invite_grants_comp" time="0.566" /><testcase classname="backend.tests.test_comp_invites.TestRegisterWithInvite" name="test_register_with_email_mismatch_rejected" time="0.229" /><testcase classname="backend.tests.test_comp_invites.TestRegisterWithInvite" name="test_register_with_email_match_accepted" time="0.438" /><testcase classname="backend.tests.test_comp_invites.TestRegisterWithInvite" name="test_register_with_already_used_invite_no_comp" time="0.809" /><testcase classname="backend.tests.test_comp_invites.TestRegisterWithInvite" name="test_register_with_revoked_invite_no_comp" time="0.564" /><testcase classname="backend.tests.test_comp_invites.TestRegisterWithInvite" name="test_register_with_invalid_invite_token_no_error_no_comp" time="0.337" /><testcase classname="backend.tests.test_comp_invites.TestAdminUserComp" name="test_list_users_includes_comp_fields" time="0.116" /><testcase classname="backend.tests.test_comp_invites.TestAdminUserComp" name="test_grant_comp_with_duration" time="0.558" /><testcase classname="backend.tests.test_comp_invites.TestAdminUserComp" name="test_grant_comp_indefinite" time="0.498" /><testcase classname="backend.tests.test_comp_invites.TestAdminUserComp" name="test_revoke_comp_reverts_to_trialing_when_no_stripe" time="0.695" /><testcase classname="backend.tests.test_comp_invites.TestAdminUserComp" name="test_grant_comp_unknown_user_404" time="0.113" /></testsuite></testsuites>