<?xml version="1.0" encoding="utf-8"?><testsuites name="pytest tests"><testsuite name="pytest" errors="0" failures="0" skipped="0" tests="10" time="38.469" timestamp="2026-06-08T21:03:47.794218+00:00" hostname="agent-env-063115fe-4056-49b3-9a2a-2e8d347c1853"><testcase classname="backend.tests.test_demo_public.TestDemoStart" name="test_start_success" time="0.328" /><testcase classname="backend.tests.test_demo_public.TestDemoStart" name="test_start_invalid_email" time="0.080" /><testcase classname="backend.tests.test_demo_public.TestDemoStart" name="test_start_missing_name" time="0.073" /><testcase classname="backend.tests.test_demo_public.TestDemoQuote" name="test_quote_success" time="9.666" /><testcase classname="backend.tests.test_demo_public.TestDemoQuote" name="test_quote_invalid_demo_id" time="0.078" /><testcase classname="backend.tests.test_demo_public.TestDemoQuote" name="test_quote_short_description" time="0.074" /><testcase classname="backend.tests.test_demo_public.TestDemoAgreement" name="test_agreement_success" time="27.293" /><testcase classname="backend.tests.test_demo_public.TestDemoCap" name="test_quote_count_increments" time="0.485" /><testcase classname="backend.tests.test_demo_public.TestAdminDemoLeads" name="test_unauth_returns_401_or_403" time="0.188" /><testcase classname="backend.tests.test_demo_public.TestAdminDemoLeads" name="test_admin_returns_leads" time="0.117" /></testsuite></testsuites>