<?xml version="1.0" encoding="utf-8"?><testsuites name="pytest tests"><testsuite name="pytest" errors="0" failures="0" skipped="0" tests="2" time="3.384" timestamp="2026-06-25T23:54:00.949016+00:00" hostname="agent-env-448d6344-f83f-41a6-90d0-a8939350c6fb"><testcase classname="backend.tests.test_embed_chat" name="test_embed_chat_returns_spanish_reply" time="1.582" /><testcase classname="backend.tests.test_embed_chat" name="test_embed_chat_handles_empty_message" time="1.739" /></testsuite></testsuites>