<?xml version="1.0" encoding="utf-8"?><testsuites name="pytest tests"><testsuite name="pytest" errors="0" failures="0" skipped="0" tests="3" time="2.136" timestamp="2026-07-07T08:09:07.136530+00:00" hostname="agent-env-559be368-5e92-4a28-a7da-d72fb59bc5c9"><testcase classname="backend.tests.test_founder_plan" name="test_founder_status_shape" time="0.125" /><testcase classname="backend.tests.test_founder_plan" name="test_founder_checkout_charges_5900_cents" time="1.290" /><testcase classname="backend.tests.test_founder_plan" name="test_bundle_monthly_still_charges_7500_cents" time="0.660" /></testsuite></testsuites>