<?xml version="1.0" encoding="utf-8"?><testsuites name="pytest tests"><testsuite name="pytest" errors="0" failures="1" skipped="0" tests="10" time="5.429" timestamp="2026-05-27T22:38:04.676514+00:00" hostname="agent-env-ab611344-0a7d-4a8f-b6a1-76f107a997c9"><testcase classname="backend.tests.test_invoice_deposit_terms.TestSeededInvoices" name="test_seeded_full_invoice_has_deposit_and_terms" time="0.523" /><testcase classname="backend.tests.test_invoice_deposit_terms.TestSeededInvoices" name="test_seeded_orphan_invoice_does_not_crash" time="0.053" /><testcase classname="backend.tests.test_invoice_deposit_terms.TestSignAutoInvoiceCarriesDepositAndTerms" name="test_sign_creates_invoice_with_deposit_and_terms" time="1.258"><failure message="AssertionError: assert None == 'Deposit Tester'&#10; +  where None = &lt;built-in method get of dict object at 0xf98a8a2504c0&gt;('signer_name')&#10; +    where &lt;built-in method get of dict object at 0xf98a8a2504c0&gt; = {'deposit': 1500.0, 'sections': {'change_order_note': 'Cambios por escrito firmados', 'materials': ['Shingles GAF', 'Underlayment'], 'payment_terms': '50% deposit, balance al completar', 'timeline': '5-7 días hábiles', ...}, 'signed_at': None, 'signer_name': None, ...}.get">backend/tests/test_invoice_deposit_terms.py:189: in test_sign_creates_invoice_with_deposit_and_terms
    assert terms.get("signer_name") == "Deposit Tester"
E   AssertionError: assert None == 'Deposit Tester'
E    +  where None = &lt;built-in method get of dict object at 0xf98a8a2504c0&gt;('signer_name')
E    +    where &lt;built-in method get of dict object at 0xf98a8a2504c0&gt; = {'deposit': 1500.0, 'sections': {'change_order_note': 'Cambios por escrito firmados', 'materials': ['Shingles GAF', 'Underlayment'], 'payment_terms': '50% deposit, balance al completar', 'timeline': '5-7 días hábiles', ...}, 'signed_at': None, 'signer_name': None, ...}.get</failure></testcase><testcase classname="backend.tests.test_invoice_deposit_terms.TestCreateInvoiceAutoPull" name="test_create_invoice_with_quote_id_auto_pulls_deposit" time="0.102" /><testcase classname="backend.tests.test_invoice_deposit_terms.TestCreateInvoiceAutoPull" name="test_create_invoice_with_agreement_id_auto_pulls_terms" time="0.161" /><testcase classname="backend.tests.test_invoice_deposit_terms.TestCreateInvoiceAutoPull" name="test_create_invoice_respects_explicit_deposit" time="0.100" /><testcase classname="backend.tests.test_invoice_deposit_terms.TestLazyBackfill" name="test_backfill_deposit_from_quote" time="0.151" /><testcase classname="backend.tests.test_invoice_deposit_terms.TestLazyBackfill" name="test_backfill_finds_agreement_by_quote_id" time="0.210" /><testcase classname="backend.tests.test_invoice_deposit_terms.TestLazyBackfill" name="test_backfill_idempotent" time="1.455" /><testcase classname="backend.tests.test_invoice_deposit_terms.TestUpdatePreservesFields" name="test_put_preserves_deposit_and_terms" time="1.305" /></testsuite></testsuites>