<?xml version="1.0" encoding="utf-8"?><testsuites name="pytest tests"><testsuite name="pytest" errors="0" failures="0" skipped="0" tests="5" time="1.462" timestamp="2026-06-24T19:59:36.989235+00:00" hostname="agent-env-62ca73a3-77ee-42f4-9865-9ba7ba5e8825"><testcase classname="backend.tests.test_unified_lead_card" name="test_connect_lead_creates_structured_client" time="0.589" /><testcase classname="backend.tests.test_unified_lead_card" name="test_estimate_lead_with_photo" time="0.365" /><testcase classname="backend.tests.test_unified_lead_card" name="test_email_preferred_contact_lead" time="0.310" /><testcase classname="backend.tests.test_unified_lead_card" name="test_legacy_connect_demo_maria_has_structured_fields" time="0.050" /><testcase classname="backend.tests.test_unified_lead_card" name="test_manually_created_client_no_lead_source" time="0.065" /></testsuite></testsuites>