<?xml version="1.0" encoding="utf-8"?><testsuites name="pytest tests"><testsuite name="pytest" errors="0" failures="0" skipped="0" tests="7" time="1.708" timestamp="2026-05-27T21:48:07.712707+00:00" hostname="agent-env-ab611344-0a7d-4a8f-b6a1-76f107a997c9"><testcase classname="backend.tests.test_nav_and_autojob.TestClientHistoryExtended" name="test_history_returns_agreements_and_scopes" time="0.598" /><testcase classname="backend.tests.test_nav_and_autojob.TestClientHistoryExtended" name="test_history_empty_for_fresh_client" time="0.051" /><testcase classname="backend.tests.test_nav_and_autojob.TestInvoicePaidAutoJob" name="test_status_sent_does_not_create_job" time="0.151" /><testcase classname="backend.tests.test_nav_and_autojob.TestInvoicePaidAutoJob" name="test_status_paid_creates_job" time="0.183" /><testcase classname="backend.tests.test_nav_and_autojob.TestInvoicePaidAutoJob" name="test_status_paid_is_idempotent" time="0.210" /><testcase classname="backend.tests.test_nav_and_autojob.TestInvoicePaidAutoJob" name="test_auto_job_appears_in_history" time="0.163" /><testcase classname="backend.tests.test_nav_and_autojob.TestInvoicePaidAutoJob" name="test_other_transitions_still_work" time="0.293" /></testsuite></testsuites>