<?xml version="1.0" encoding="utf-8"?><testsuites name="pytest tests"><testsuite name="pytest" errors="0" failures="1" skipped="0" tests="12" time="2.217" timestamp="2026-06-24T21:39:07.425177+00:00" hostname="agent-env-62ca73a3-77ee-42f4-9865-9ba7ba5e8825"><testcase classname="backend.tests.test_appointments.TestAvailability" name="test_availability_shape" time="0.119" /><testcase classname="backend.tests.test_appointments.TestAvailability" name="test_duration_is_60" time="0.000" /><testcase classname="backend.tests.test_appointments.TestBooking" name="test_book_success_creates_client_job_appointment" time="0.728" /><testcase classname="backend.tests.test_appointments.TestBooking" name="test_double_book_returns_409" time="0.168" /><testcase classname="backend.tests.test_appointments.TestBooking" name="test_slot_removed_from_availability" time="0.121" /><testcase classname="backend.tests.test_appointments.TestBooking" name="test_validation_missing_name" time="0.102" /><testcase classname="backend.tests.test_appointments.TestBooking" name="test_validation_past_date" time="0.127" /><testcase classname="backend.tests.test_appointments.TestBooking" name="test_validation_invalid_slot" time="0.109" /><testcase classname="backend.tests.test_appointments.TestOwnerEndpoints" name="test_list_appointments_contains_booking" time="0.135" /><testcase classname="backend.tests.test_appointments.TestOwnerEndpoints" name="test_list_requires_auth" time="0.113" /><testcase classname="backend.tests.test_appointments.TestOwnerEndpoints" name="test_mark_viewed" time="0.200" /><testcase classname="backend.tests.test_appointments.TestCardSettingsToggle" name="test_toggle_request_estimate" time="0.194"><failure message="AssertionError: assert None is False&#10; +  where None = &lt;built-in method get of dict object at 0xf87186ddd880&gt;('request_estimate_enabled')&#10; +    where &lt;built-in method get of dict object at 0xf87186ddd880&gt; = {'business': {'address': '2508 East 5th Avenue, Spokane Wa 99202', 'email': 'pzsuave007@gmail.com', 'google_review_url': '', 'name': 'Uni2 Marketing Agency', ...}, 'card': {'about_me': 'Uni2 Marketing Group was created with one mission in mind — helping hardworking business owners grow using smart technology, modern marketing, and simple tools that actually make life easier.', 'accent_color': '#FBBF24', 'ai_context': 'Uni2 Marketing Group was created with one mission in mind — helping hardworking business owners grow using smart technology, modern marketing, and simple tools that actually make life easier.\n\nWe understand that many small business owners are incredible at what they do, but often struggle with complicated software, marketing systems, language barriers, or managing everything at once. That’s why we focus on building solutions that are simple, powerful, and designed for real businesses.\n\nFrom AI-powered tools and smart websites to digital business cards, CRM systems, automation, branding, and online growth strategies, our goal is to help businesses look more professional, stay organized, attract more customers, and grow with confidence.\n\nAt Uni2, we believe technology should work for people — not confuse them.\n\nWe’re building tools and experiences that connect businesses with new opportunities, simplify daily operations, and help owners focus on what matters most: growing their business and serving their customers.\n', 'appt_days': [0, 1, 2, 3, 4], ...}, 'photos': [{'created_at': '2026-06-09T22:48:14.386724+00:00', 'id': 'ddbf8563-a0d4-49c3-97c7-1b40d100aa11', 'label': 'social_out'}, {'created_at': '2026-06-09T22:23:49.184756+00:00', 'id': 'aeb633e6-ed1d-4979-977c-c19546004e38', 'label': 'social_out'}], 'reviews': [], ...}.get&#10; +      where {'business': {'address': '2508 East 5th Avenue, Spokane Wa 99202', 'email': 'pzsuave007@gmail.com', 'google_review_url': '', 'name': 'Uni2 Marketing Agency', ...}, 'card': {'about_me': 'Uni2 Marketing Group was created with one mission in mind — helping hardworking business owners grow using smart technology, modern marketing, and simple tools that actually make life easier.', 'accent_color': '#FBBF24', 'ai_context': 'Uni2 Marketing Group was created with one mission in mind — helping hardworking business owners grow using smart technology, modern marketing, and simple tools that actually make life easier.\n\nWe understand that many small business owners are incredible at what they do, but often struggle with complicated software, marketing systems, language barriers, or managing everything at once. That’s why we focus on building solutions that are simple, powerful, and designed for real businesses.\n\nFrom AI-powered tools and smart websites to digital business cards, CRM systems, automation, branding, and online growth strategies, our goal is to help businesses look more professional, stay organized, attract more customers, and grow with confidence.\n\nAt Uni2, we believe technology should work for people — not confuse them.\n\nWe’re building tools and experiences that connect businesses with new opportunities, simplify daily operations, and help owners focus on what matters most: growing their business and serving their customers.\n', 'appt_days': [0, 1, 2, 3, 4], ...}, 'photos': [{'created_at': '2026-06-09T22:48:14.386724+00:00', 'id': 'ddbf8563-a0d4-49c3-97c7-1b40d100aa11', 'label': 'social_out'}, {'created_at': '2026-06-09T22:23:49.184756+00:00', 'id': 'aeb633e6-ed1d-4979-977c-c19546004e38', 'label': 'social_out'}], 'reviews': [], ...} = json()&#10; +        where json = &lt;Response [200]&gt;.json">backend/tests/test_appointments.py:215: in test_toggle_request_estimate
    assert r2.json().get("request_estimate_enabled") is False
E   AssertionError: assert None is False
E    +  where None = &lt;built-in method get of dict object at 0xf87186ddd880&gt;('request_estimate_enabled')
E    +    where &lt;built-in method get of dict object at 0xf87186ddd880&gt; = {'business': {'address': '2508 East 5th Avenue, Spokane Wa 99202', 'email': 'pzsuave007@gmail.com', 'google_review_url': '', 'name': 'Uni2 Marketing Agency', ...}, 'card': {'about_me': 'Uni2 Marketing Group was created with one mission in mind — helping hardworking business owners grow using smart technology, modern marketing, and simple tools that actually make life easier.', 'accent_color': '#FBBF24', 'ai_context': 'Uni2 Marketing Group was created with one mission in mind — helping hardworking business owners grow using smart technology, modern marketing, and simple tools that actually make life easier.\n\nWe understand that many small business owners are incredible at what they do, but often struggle with complicated software, marketing systems, language barriers, or managing everything at once. That’s why we focus on building solutions that are simple, powerful, and designed for real businesses.\n\nFrom AI-powered tools and smart websites to digital business cards, CRM systems, automation, branding, and online growth strategies, our goal is to help businesses look more professional, stay organized, attract more customers, and grow with confidence.\n\nAt Uni2, we believe technology should work for people — not confuse them.\n\nWe’re building tools and experiences that connect businesses with new opportunities, simplify daily operations, and help owners focus on what matters most: growing their business and serving their customers.\n', 'appt_days': [0, 1, 2, 3, 4], ...}, 'photos': [{'created_at': '2026-06-09T22:48:14.386724+00:00', 'id': 'ddbf8563-a0d4-49c3-97c7-1b40d100aa11', 'label': 'social_out'}, {'created_at': '2026-06-09T22:23:49.184756+00:00', 'id': 'aeb633e6-ed1d-4979-977c-c19546004e38', 'label': 'social_out'}], 'reviews': [], ...}.get
E    +      where {'business': {'address': '2508 East 5th Avenue, Spokane Wa 99202', 'email': 'pzsuave007@gmail.com', 'google_review_url': '', 'name': 'Uni2 Marketing Agency', ...}, 'card': {'about_me': 'Uni2 Marketing Group was created with one mission in mind — helping hardworking business owners grow using smart technology, modern marketing, and simple tools that actually make life easier.', 'accent_color': '#FBBF24', 'ai_context': 'Uni2 Marketing Group was created with one mission in mind — helping hardworking business owners grow using smart technology, modern marketing, and simple tools that actually make life easier.\n\nWe understand that many small business owners are incredible at what they do, but often struggle with complicated software, marketing systems, language barriers, or managing everything at once. That’s why we focus on building solutions that are simple, powerful, and designed for real businesses.\n\nFrom AI-powered tools and smart websites to digital business cards, CRM systems, automation, branding, and online growth strategies, our goal is to help businesses look more professional, stay organized, attract more customers, and grow with confidence.\n\nAt Uni2, we believe technology should work for people — not confuse them.\n\nWe’re building tools and experiences that connect businesses with new opportunities, simplify daily operations, and help owners focus on what matters most: growing their business and serving their customers.\n', 'appt_days': [0, 1, 2, 3, 4], ...}, 'photos': [{'created_at': '2026-06-09T22:48:14.386724+00:00', 'id': 'ddbf8563-a0d4-49c3-97c7-1b40d100aa11', 'label': 'social_out'}, {'created_at': '2026-06-09T22:23:49.184756+00:00', 'id': 'aeb633e6-ed1d-4979-977c-c19546004e38', 'label': 'social_out'}], 'reviews': [], ...} = json()
E    +        where json = &lt;Response [200]&gt;.json</failure></testcase></testsuite></testsuites>