<?xml version="1.0" encoding="utf-8"?><testsuites name="pytest tests"><testsuite name="pytest" errors="0" failures="0" skipped="0" tests="5" time="1.264" timestamp="2026-06-25T05:30:15.103440+00:00" hostname="agent-env-017ff6a5-f56d-4d9b-84e1-4f1231c24f41"><testcase classname="backend.tests.test_jobs_bare_leads_and_agenda" name="test_jobs_list_hides_bare_leads" time="0.551" /><testcase classname="backend.tests.test_jobs_bare_leads_and_agenda" name="test_jobs_list_with_status_filter_does_not_apply_bare_lead_filter" time="0.045" /><testcase classname="backend.tests.test_jobs_bare_leads_and_agenda" name="test_create_job_marks_source_manual_and_remains_visible" time="0.175" /><testcase classname="backend.tests.test_jobs_bare_leads_and_agenda" name="test_jobs_returns_scheduled_jobs_for_today_agenda" time="0.044" /><testcase classname="backend.tests.test_jobs_bare_leads_and_agenda" name="test_cardonly_jobs_endpoint_does_not_crash" time="0.377" /></testsuite></testsuites>