<?xml version="1.0" encoding="utf-8"?><testsuites name="pytest tests"><testsuite name="pytest" errors="0" failures="0" skipped="0" tests="6" time="1.392" timestamp="2026-06-24T18:06:12.923514+00:00" hostname="agent-env-62ca73a3-77ee-42f4-9865-9ba7ba5e8825"><testcase classname="backend.tests.test_card_lead_to_crm" name="test_public_card_resolves" time="0.197" /><testcase classname="backend.tests.test_card_lead_to_crm" name="test_submit_lead_without_photo_creates_client_with_project_request" time="0.415" /><testcase classname="backend.tests.test_card_lead_to_crm" name="test_submit_lead_with_photo_creates_client_and_photo" time="0.421" /><testcase classname="backend.tests.test_card_lead_to_crm" name="test_project_photo_endpoint_returns_data_url" time="0.192" /><testcase classname="backend.tests.test_card_lead_to_crm" name="test_project_photo_endpoint_404_for_no_photo" time="0.049" /><testcase classname="backend.tests.test_card_lead_to_crm" name="test_project_photo_requires_auth" time="0.051" /></testsuite></testsuites>