<?xml version="1.0" encoding="utf-8"?><testsuites name="pytest tests"><testsuite name="pytest" errors="0" failures="0" skipped="0" tests="8" time="2.504" timestamp="2026-06-24T20:52:59.423985+00:00" hostname="agent-env-62ca73a3-77ee-42f4-9865-9ba7ba5e8825"><testcase classname="backend.tests.test_client_notes" name="test_list_notes_empty_initially" time="0.622" /><testcase classname="backend.tests.test_client_notes" name="test_create_note_returns_persisted_shape" time="0.041" /><testcase classname="backend.tests.test_client_notes" name="test_empty_text_rejected" time="0.040" /><testcase classname="backend.tests.test_client_notes" name="test_notes_sorted_newest_first" time="1.274" /><testcase classname="backend.tests.test_client_notes" name="test_delete_note_removes_it" time="0.158" /><testcase classname="backend.tests.test_client_notes" name="test_delete_unknown_note_404" time="0.092" /><testcase classname="backend.tests.test_client_notes" name="test_notes_on_unknown_client_404" time="0.113" /><testcase classname="backend.tests.test_client_notes" name="test_notes_require_auth" time="0.089" /></testsuite></testsuites>