<?xml version="1.0" encoding="utf-8"?><testsuites name="pytest tests"><testsuite name="pytest" errors="0" failures="0" skipped="0" tests="11" time="3.965" timestamp="2026-06-03T15:39:31.593101+00:00" hostname="agent-env-cd738aaa-7734-4497-9f52-ca3a3955b8d1"><testcase classname="backend.tests.test_multi_card" name="test_01_card_list_shape" time="0.644" /><testcase classname="backend.tests.test_multi_card" name="test_02_admin_set_card_limit" time="0.175" /><testcase classname="backend.tests.test_multi_card" name="test_03_create_second_card" time="0.108" /><testcase classname="backend.tests.test_multi_card" name="test_04_put_card_settings" time="0.160" /><testcase classname="backend.tests.test_multi_card" name="test_05_public_card_overrides" time="0.196" /><testcase classname="backend.tests.test_multi_card" name="test_06_public_lead_consolidates" time="0.186" /><testcase classname="backend.tests.test_multi_card" name="test_07_create_third_card_then_block" time="0.110" /><testcase classname="backend.tests.test_multi_card" name="test_08_delete_non_primary_and_block_primary" time="0.105" /><testcase classname="backend.tests.test_multi_card" name="test_09_checkout_num_cards_2" time="1.448" /><testcase classname="backend.tests.test_multi_card" name="test_10_checkout_num_cards_1" time="0.681" /><testcase classname="backend.tests.test_multi_card" name="test_99_cleanup" time="0.064" /></testsuite></testsuites>