<?xml version="1.0" encoding="utf-8"?><testsuites name="pytest tests"><testsuite name="pytest" errors="0" failures="0" skipped="0" tests="8" time="2.646" timestamp="2026-05-27T15:13:15.533853+00:00" hostname="agent-env-c87a9cbe-9bb3-4be4-87c8-7052b653b88c"><testcase classname="backend.tests.test_onboarding.TestOnboardingStatus" name="test_status_requires_auth" time="0.800" /><testcase classname="backend.tests.test_onboarding.TestOnboardingStatus" name="test_status_structure" time="0.102" /><testcase classname="backend.tests.test_onboarding.TestOnboardingStatus" name="test_status_items_shape" time="0.110" /><testcase classname="backend.tests.test_onboarding.TestOnboardingStatus" name="test_progress_math" time="0.110" /><testcase classname="backend.tests.test_onboarding.TestOnboardingState" name="test_state_requires_auth" time="0.157" /><testcase classname="backend.tests.test_onboarding.TestOnboardingState" name="test_set_welcome_seen_persists" time="0.501" /><testcase classname="backend.tests.test_onboarding.TestOnboardingState" name="test_set_dismissed_persists" time="0.331" /><testcase classname="backend.tests.test_onboarding.TestOnboardingState" name="test_partial_update_does_not_clobber_other_key" time="0.454" /></testsuite></testsuites>