<?xml version="1.0" encoding="utf-8"?><testsuites name="pytest tests"><testsuite name="pytest" errors="0" failures="0" skipped="0" tests="7" time="2.838" timestamp="2026-05-26T21:26:55.924005+00:00" hostname="agent-env-c87a9cbe-9bb3-4be4-87c8-7052b653b88c"><testcase classname="backend.tests.test_onboarding_celebrated.TestCelebratedFieldOnSuperAdmin" name="test_status_includes_celebrated_key" time="0.546" /><testcase classname="backend.tests.test_onboarding_celebrated.TestCelebratedFieldOnSuperAdmin" name="test_put_celebrated_true_persists" time="0.600" /><testcase classname="backend.tests.test_onboarding_celebrated.TestCelebratedFieldOnSuperAdmin" name="test_partial_update_celebrated_does_not_clobber_welcome_seen" time="0.534" /><testcase classname="backend.tests.test_onboarding_celebrated.TestCelebrationE2EFreshUser" name="test_fresh_user_starts_with_celebrated_false_and_not_complete" time="0.498" /><testcase classname="backend.tests.test_onboarding_celebrated.TestCelebrationE2EFreshUser" name="test_seed_all_items_done_then_status_completed_true" time="0.153" /><testcase classname="backend.tests.test_onboarding_celebrated.TestCelebrationE2EFreshUser" name="test_simulate_frontend_celebration_persists" time="0.224" /><testcase classname="backend.tests.test_onboarding_celebrated.TestCelebrationE2EFreshUser" name="test_celebrated_field_idempotent_set" time="0.135" /></testsuite></testsuites>