<?xml version="1.0" encoding="utf-8"?><testsuites name="pytest tests"><testsuite name="pytest" errors="0" failures="0" skipped="0" tests="8" time="2.608" timestamp="2026-05-26T20:29:04.159257+00:00" hostname="agent-env-c87a9cbe-9bb3-4be4-87c8-7052b653b88c"><testcase classname="backend.tests.test_onboarding.TestOnboardingStatus" name="test_status_requires_auth" time="0.686" /><testcase classname="backend.tests.test_onboarding.TestOnboardingStatus" name="test_status_structure" time="0.113" /><testcase classname="backend.tests.test_onboarding.TestOnboardingStatus" name="test_status_items_shape" time="0.117" /><testcase classname="backend.tests.test_onboarding.TestOnboardingStatus" name="test_progress_math" time="0.132" /><testcase classname="backend.tests.test_onboarding.TestOnboardingState" name="test_state_requires_auth" time="0.124" /><testcase classname="backend.tests.test_onboarding.TestOnboardingState" name="test_set_welcome_seen_persists" time="0.542" /><testcase classname="backend.tests.test_onboarding.TestOnboardingState" name="test_set_dismissed_persists" time="0.427" /><testcase classname="backend.tests.test_onboarding.TestOnboardingState" name="test_partial_update_does_not_clobber_other_key" time="0.396" /></testsuite></testsuites>