<?xml version="1.0" encoding="utf-8"?><testsuites name="pytest tests"><testsuite name="pytest" errors="0" failures="0" skipped="0" tests="8" time="2.335" timestamp="2026-05-26T21:27:03.717553+00:00" hostname="agent-env-c87a9cbe-9bb3-4be4-87c8-7052b653b88c"><testcase classname="backend.tests.test_onboarding.TestOnboardingStatus" name="test_status_requires_auth" time="0.591" /><testcase classname="backend.tests.test_onboarding.TestOnboardingStatus" name="test_status_structure" time="0.105" /><testcase classname="backend.tests.test_onboarding.TestOnboardingStatus" name="test_status_items_shape" time="0.126" /><testcase classname="backend.tests.test_onboarding.TestOnboardingStatus" name="test_progress_math" time="0.116" /><testcase classname="backend.tests.test_onboarding.TestOnboardingState" name="test_state_requires_auth" time="0.103" /><testcase classname="backend.tests.test_onboarding.TestOnboardingState" name="test_set_welcome_seen_persists" time="0.473" /><testcase classname="backend.tests.test_onboarding.TestOnboardingState" name="test_set_dismissed_persists" time="0.348" /><testcase classname="backend.tests.test_onboarding.TestOnboardingState" name="test_partial_update_does_not_clobber_other_key" time="0.413" /></testsuite></testsuites>