<?xml version="1.0" encoding="utf-8"?><testsuites name="pytest tests"><testsuite name="pytest" errors="0" failures="2" skipped="0" tests="14" time="3.898" timestamp="2026-05-27T18:15:04.603911+00:00" hostname="agent-env-ab611344-0a7d-4a8f-b6a1-76f107a997c9"><testcase classname="backend.tests.test_payments.TestPlans" name="test_plans_returns_three" time="0.215" /><testcase classname="backend.tests.test_payments.TestPlans" name="test_plan_prices" time="0.053" /><testcase classname="backend.tests.test_payments.TestSubscriptionState" name="test_subscription_endpoint" time="0.351" /><testcase classname="backend.tests.test_payments.TestSubscriptionState" name="test_auth_me_smart_card_locked" time="0.056" /><testcase classname="backend.tests.test_payments.TestSubscriptionState" name="test_subscription_requires_auth" time="0.064" /><testcase classname="backend.tests.test_payments.TestRegisterTrial" name="test_register_sets_trial" time="0.281" /><testcase classname="backend.tests.test_payments.TestCheckout" name="test_checkout_unauthenticated" time="0.059" /><testcase classname="backend.tests.test_payments.TestCheckout" name="test_checkout_invalid_plan" time="0.053" /><testcase classname="backend.tests.test_payments.TestCheckout" name="test_checkout_pro_monthly" time="0.656" /><testcase classname="backend.tests.test_payments.TestCheckout" name="test_checkout_pro_yearly" time="0.687" /><testcase classname="backend.tests.test_payments.TestCheckout" name="test_checkout_founder" time="0.600" /><testcase classname="backend.tests.test_payments.TestCheckout" name="test_status_endpoint" time="0.295"><failure message="AssertionError: {&quot;detail&quot;:&quot;Request req_5GJPdijS51IgtW: This property cannot be expanded (shipping_details).&quot;}&#10;assert 500 == 200&#10; +  where 500 = &lt;Response [500]&gt;.status_code">backend/tests/test_payments.py:172: in test_status_endpoint
    assert r.status_code == 200, r.text
E   AssertionError: {"detail":"Request req_5GJPdijS51IgtW: This property cannot be expanded (shipping_details)."}
E   assert 500 == 200
E    +  where 500 = &lt;Response [500]&gt;.status_code</failure></testcase><testcase classname="backend.tests.test_payments.TestPortal" name="test_portal_without_customer" time="0.312"><failure message="AssertionError: {&quot;detail&quot;:&quot;Request req_vxQ3mIjOUglBdx: No such customer: 'cus_UaxotfKZ0015XB'&quot;}&#10;assert 500 == 400&#10; +  where 500 = &lt;Response [500]&gt;.status_code">backend/tests/test_payments.py:186: in test_portal_without_customer
    assert r.status_code == 400, r.text
E   AssertionError: {"detail":"Request req_vxQ3mIjOUglBdx: No such customer: 'cus_UaxotfKZ0015XB'"}
E   assert 500 == 400
E    +  where 500 = &lt;Response [500]&gt;.status_code</failure></testcase><testcase classname="backend.tests.test_payments.TestWebhook" name="test_webhook_accepts_post_dev_mode" time="0.105" /></testsuite></testsuites>