<?xml version="1.0" encoding="utf-8"?><testsuites name="pytest tests"><testsuite name="pytest" errors="0" failures="0" skipped="0" tests="27" time="11.158" timestamp="2026-06-08T20:11:37.783077+00:00" hostname="agent-env-063115fe-4056-49b3-9a2a-2e8d347c1853"><testcase classname="backend.tests.test_paywall_gating.TestTrialFullAccess" name="test_trial_user_features_and_create_client" time="0.748" /><testcase classname="backend.tests.test_paywall_gating.TestLockedUserGating" name="test_features_empty" time="0.625" /><testcase classname="backend.tests.test_paywall_gating.TestLockedUserGating" name="test_read_clients_open" time="0.117" /><testcase classname="backend.tests.test_paywall_gating.TestLockedUserGating" name="test_read_quotes_open" time="0.125" /><testcase classname="backend.tests.test_paywall_gating.TestLockedUserGating" name="test_read_invoices_open" time="0.114" /><testcase classname="backend.tests.test_paywall_gating.TestLockedUserGating" name="test_write_endpoints_403[POST-/clients-body0]" time="0.136" /><testcase classname="backend.tests.test_paywall_gating.TestLockedUserGating" name="test_write_endpoints_403[POST-/quotes-body1]" time="0.128" /><testcase classname="backend.tests.test_paywall_gating.TestLockedUserGating" name="test_write_endpoints_403[POST-/invoices-body2]" time="0.121" /><testcase classname="backend.tests.test_paywall_gating.TestLockedUserGating" name="test_write_endpoints_403[POST-/jobs-body3]" time="0.120" /><testcase classname="backend.tests.test_paywall_gating.TestLockedUserGating" name="test_write_endpoints_403[POST-/ai/quote-body4]" time="0.127" /><testcase classname="backend.tests.test_paywall_gating.TestLockedUserGating" name="test_write_endpoints_403[POST-/ai/scope-body5]" time="0.130" /><testcase classname="backend.tests.test_paywall_gating.TestLockedUserGating" name="test_write_endpoints_403[POST-/ai/photo-quote-body6]" time="0.142" /><testcase classname="backend.tests.test_paywall_gating.TestLockedUserGating" name="test_write_endpoints_403[POST-/ai/agreement-body7]" time="0.163" /><testcase classname="backend.tests.test_paywall_gating.TestLockedUserGating" name="test_write_endpoints_403[POST-/agreements-body8]" time="0.110" /><testcase classname="backend.tests.test_paywall_gating.TestLockedUserGating" name="test_write_endpoints_403[POST-/card-body9]" time="0.119" /><testcase classname="backend.tests.test_paywall_gating.TestLockedUserGating" name="test_write_endpoints_403[PUT-/card/settings-body10]" time="0.123" /><testcase classname="backend.tests.test_paywall_gating.TestLockedUserGating" name="test_write_endpoints_403[POST-/social/copy-body11]" time="0.125" /><testcase classname="backend.tests.test_paywall_gating.TestAdminSetPlanFeatures" name="test_set_plan_returns_expected_features[presencia]" time="0.824" /><testcase classname="backend.tests.test_paywall_gating.TestAdminSetPlanFeatures" name="test_set_plan_returns_expected_features[negocio]" time="0.181" /><testcase classname="backend.tests.test_paywall_gating.TestAdminSetPlanFeatures" name="test_set_plan_returns_expected_features[marketing]" time="0.126" /><testcase classname="backend.tests.test_paywall_gating.TestAdminSetPlanFeatures" name="test_set_plan_returns_expected_features[bundle]" time="0.138" /><testcase classname="backend.tests.test_paywall_gating.TestAdminSetPlanFeatures" name="test_set_plan_returns_expected_features[comp]" time="0.141" /><testcase classname="backend.tests.test_paywall_gating.TestAdminSetPlanFeatures" name="test_set_plan_returns_expected_features[trial]" time="0.134" /><testcase classname="backend.tests.test_paywall_gating.TestAdminSetPlanFeatures" name="test_set_plan_returns_expected_features[locked]" time="0.132" /><testcase classname="backend.tests.test_paywall_gating.TestModularEnforcement" name="test_locked_then_negocio_can_create_client_but_not_card_or_social" time="1.180" /><testcase classname="backend.tests.test_paywall_gating.TestModularEnforcement" name="test_presencia_can_edit_card_but_clients_403" time="0.715" /><testcase classname="backend.tests.test_paywall_gating.TestModularEnforcement" name="test_marketing_unlocks_social_copy_only" time="4.164" /></testsuite></testsuites>