<?xml version="1.0" encoding="utf-8"?><testsuites name="pytest tests"><testsuite name="pytest" errors="0" failures="0" skipped="0" tests="3" time="1.815" timestamp="2026-06-25T23:54:21.272462+00:00" hostname="agent-env-448d6344-f83f-41a6-90d0-a8939350c6fb"><testcase classname="backend.tests.test_public_cors" name="test_options_public_chat_echoes_external_origin" time="0.006" /><testcase classname="backend.tests.test_public_cors" name="test_post_public_chat_includes_cors_and_returns_spanish_reply" time="1.735" /><testcase classname="backend.tests.test_public_cors" name="test_auth_login_still_works_after_public_cors_middleware" time="0.006" /></testsuite></testsuites>