<?xml version="1.0" encoding="utf-8"?><testsuites name="pytest tests"><testsuite name="pytest" errors="0" failures="0" skipped="0" tests="8" time="88.823" timestamp="2026-05-27T05:18:16.599939+00:00" hostname="agent-env-c87a9cbe-9bb3-4be4-87c8-7052b653b88c"><testcase classname="backend.tests.test_public_accept_and_auto_invoice.TestPublicAcceptQuote" name="test_public_accept_marks_approved_and_creates_agreement" time="27.404" /><testcase classname="backend.tests.test_public_accept_and_auto_invoice.TestPublicAcceptQuote" name="test_idempotent_already_approved" time="28.435" /><testcase classname="backend.tests.test_public_accept_and_auto_invoice.TestPublicAcceptQuote" name="test_rejects_declined_quote" time="0.155" /><testcase classname="backend.tests.test_public_accept_and_auto_invoice.TestPublicAcceptQuote" name="test_rejects_converted_quote" time="0.151" /><testcase classname="backend.tests.test_public_accept_and_auto_invoice.TestPublicAcceptQuote" name="test_not_found" time="0.050" /><testcase classname="backend.tests.test_public_accept_and_auto_invoice.TestAutoInvoiceOnSign" name="test_sign_with_quote_id_creates_draft_invoice" time="29.255" /><testcase classname="backend.tests.test_public_accept_and_auto_invoice.TestAutoInvoiceOnSign" name="test_idempotent_no_duplicate_invoice" time="1.325" /><testcase classname="backend.tests.test_public_accept_and_auto_invoice.TestAutoInvoiceOnSign" name="test_sign_without_quote_id_does_not_create_invoice" time="1.964" /></testsuite></testsuites>