<?xml version="1.0" encoding="utf-8"?><testsuites name="pytest tests"><testsuite name="pytest" errors="0" failures="1" skipped="0" tests="39" time="28.074" timestamp="2026-05-24T06:47:04.898287+00:00" hostname="agent-env-215de0f3-c938-4aee-81d7-d63e53db9400"><testcase classname="backend.tests.backend_test" name="test_root_ok" time="0.110" /><testcase classname="backend.tests.backend_test" name="test_login_works" time="0.278" /><testcase classname="backend.tests.backend_test" name="test_login_invalid" time="0.271" /><testcase classname="backend.tests.backend_test" name="test_me" time="0.428" /><testcase classname="backend.tests.backend_test" name="test_update_me" time="0.052" /><testcase classname="backend.tests.backend_test" name="test_auth_gating" time="0.051" /><testcase classname="backend.tests.backend_test" name="test_dashboard_stats" time="0.054" /><testcase classname="backend.tests.backend_test" name="test_create_client" time="0.050" /><testcase classname="backend.tests.backend_test" name="test_get_client" time="0.082" /><testcase classname="backend.tests.backend_test" name="test_list_clients" time="0.049" /><testcase classname="backend.tests.backend_test" name="test_update_client" time="0.051" /><testcase classname="backend.tests.backend_test" name="test_client_history" time="0.053" /><testcase classname="backend.tests.backend_test" name="test_ai_quote" time="0.494"><failure message="AssertionError: {&quot;detail&quot;:&quot;AI error: Failed to generate chat completion: litellm.BadRequestError: OpenAIException - Budget has been exceeded! Current cost: 1.4573512499999999, Max budget: 1.448218792000116&quot;}&#10;assert 500 == 200&#10; +  where 500 = &lt;Response [500]&gt;.status_code">backend/tests/backend_test.py:153: in test_ai_quote
    assert r.status_code == 200, r.text
E   AssertionError: {"detail":"AI error: Failed to generate chat completion: litellm.BadRequestError: OpenAIException - Budget has been exceeded! Current cost: 1.4573512499999999, Max budget: 1.448218792000116"}
E   assert 500 == 200
E    +  where 500 = &lt;Response [500]&gt;.status_code</failure></testcase><testcase classname="backend.tests.backend_test" name="test_ai_scope" time="9.732" /><testcase classname="backend.tests.backend_test" name="test_ai_photo_quote" time="12.875" /><testcase classname="backend.tests.backend_test" name="test_create_quote" time="0.089" /><testcase classname="backend.tests.backend_test" name="test_get_quote" time="0.052" /><testcase classname="backend.tests.backend_test" name="test_list_quotes" time="0.052" /><testcase classname="backend.tests.backend_test" name="test_set_quote_sent" time="0.057" /><testcase classname="backend.tests.backend_test" name="test_public_quote" time="0.050" /><testcase classname="backend.tests.backend_test" name="test_convert_quote_to_invoice" time="0.066" /><testcase classname="backend.tests.backend_test" name="test_get_invoice" time="0.052" /><testcase classname="backend.tests.backend_test" name="test_list_invoices" time="0.048" /><testcase classname="backend.tests.backend_test" name="test_invoice_mark_paid" time="0.052" /><testcase classname="backend.tests.backend_test" name="test_create_job" time="0.062" /><testcase classname="backend.tests.backend_test" name="test_update_job" time="0.051" /><testcase classname="backend.tests.backend_test" name="test_list_jobs" time="0.049" /><testcase classname="backend.tests.backend_test" name="test_generate_message" time="1.422" /><testcase classname="backend.tests.backend_test" name="test_save_message" time="0.062" /><testcase classname="backend.tests.backend_test" name="test_list_messages" time="0.049" /><testcase classname="backend.tests.backend_test" name="test_upload_photo" time="0.371" /><testcase classname="backend.tests.backend_test" name="test_list_photos" time="0.052" /><testcase classname="backend.tests.backend_test" name="test_get_photo_file" time="0.223" /><testcase classname="backend.tests.backend_test" name="test_delete_photo" time="0.055" /><testcase classname="backend.tests.backend_test" name="test_create_reminder" time="0.062" /><testcase classname="backend.tests.backend_test" name="test_list_reminders" time="0.051" /><testcase classname="backend.tests.backend_test" name="test_complete_reminder" time="0.055" /><testcase classname="backend.tests.backend_test" name="test_delete_reminder" time="0.052" /><testcase classname="backend.tests.backend_test" name="test_zz_cleanup" time="0.202" /></testsuite></testsuites>