<?xml version="1.0" encoding="utf-8"?><testsuites name="pytest tests"><testsuite name="pytest" errors="0" failures="0" skipped="0" tests="10" time="73.873" timestamp="2026-06-04T17:52:12.511373+00:00" hostname="agent-env-e47e3ac2-13e8-4b1c-814a-71e4acdc9993"><testcase classname="backend.tests.test_social_reels.TestMusic" name="test_list_music_has_six_bundled" time="0.274" /><testcase classname="backend.tests.test_social_reels.TestMusic" name="test_get_epica_returns_audio_bytes" time="0.202" /><testcase classname="backend.tests.test_social_reels.TestMusic" name="test_unknown_track_404" time="0.141" /><testcase classname="backend.tests.test_social_reels.TestReelShowcase" name="test_showcase_with_outro_and_music" time="20.238" /><testcase classname="backend.tests.test_social_reels.TestReelServicesVoiceover" name="test_services_full_options" time="32.589" /><testcase classname="backend.tests.test_social_reels.TestReelBeforeAfter" name="test_before_after_two_photos_no_music" time="16.089" /><testcase classname="backend.tests.test_social_reels.TestReelsValidation" name="test_before_after_with_one_photo_400_spanish" time="0.290" /><testcase classname="backend.tests.test_social_reels.TestReelsValidation" name="test_showcase_with_no_photos_400" time="0.113" /><testcase classname="backend.tests.test_social_reels.TestReelsListDelete" name="test_list_then_delete" time="0.601" /><testcase classname="backend.tests.test_social_reels.TestRegressionImagePost" name="test_image_post_showcase_with_accent_color" time="3.234" /></testsuite></testsuites>