<?xml version="1.0" encoding="utf-8"?><testsuites name="pytest tests"><testsuite name="pytest" errors="0" failures="0" skipped="0" tests="9" time="86.358" timestamp="2026-06-04T17:13:55.100220+00:00" hostname="agent-env-e47e3ac2-13e8-4b1c-814a-71e4acdc9993"><testcase classname="backend.tests.test_social_reels.TestMusic" name="test_list_music_has_three_bundled" time="0.295" /><testcase classname="backend.tests.test_social_reels.TestMusic" name="test_get_track_returns_audio_bytes" time="0.174" /><testcase classname="backend.tests.test_social_reels.TestMusic" name="test_unknown_track_404" time="0.129" /><testcase classname="backend.tests.test_social_reels.TestReelsHappyPath" name="test_create_reel_with_music_and_poll_ready" time="69.134" /><testcase classname="backend.tests.test_social_reels.TestReelsHappyPath" name="test_create_reel_no_music" time="12.860" /><testcase classname="backend.tests.test_social_reels.TestReelsValidation" name="test_no_photos_returns_400_spanish" time="0.109" /><testcase classname="backend.tests.test_social_reels.TestReelsListDelete" name="test_list_then_delete" time="0.581" /><testcase classname="backend.tests.test_social_reels.TestRegression" name="test_image_post_still_works_with_brand_colors" time="2.857" /><testcase classname="backend.tests.test_social_reels.TestRegression" name="test_delete_card_logo_not_shadowed" time="0.130" /></testsuite></testsuites>