<?xml version="1.0" encoding="utf-8"?><testsuites name="pytest tests"><testsuite name="pytest" errors="0" failures="0" skipped="0" tests="10" time="15.334" timestamp="2026-06-04T04:56:12.404467+00:00" hostname="agent-env-cd738aaa-7734-4497-9f52-ca3a3955b8d1"><testcase classname="backend.tests.test_social_studio.TestValidation" name="test_invalid_template_returns_400" time="0.602" /><testcase classname="backend.tests.test_social_studio.TestValidation" name="test_before_after_requires_two_photos" time="0.294" /><testcase classname="backend.tests.test_social_studio.TestValidation" name="test_showcase_requires_one_photo" time="0.124" /><testcase classname="backend.tests.test_social_studio.TestValidation" name="test_unauthenticated_rejected" time="0.105" /><testcase classname="backend.tests.test_social_studio.TestShowcaseGeneration" name="test_showcase_en_two_formats" time="4.405" /><testcase classname="backend.tests.test_social_studio.TestBeforeAfterGeneration" name="test_before_after_two_photos_ok" time="3.718" /><testcase classname="backend.tests.test_social_studio.TestSpanishOutput" name="test_language_es_returns_spanish_copy" time="3.620" /><testcase classname="backend.tests.test_social_studio.TestRerenderListDelete" name="test_rerender_changes_image_ids" time="1.657" /><testcase classname="backend.tests.test_social_studio.TestRerenderListDelete" name="test_list_returns_user_posts_recent_first" time="0.122" /><testcase classname="backend.tests.test_social_studio.TestRerenderListDelete" name="test_delete_post_and_404_on_relist" time="0.618" /></testsuite></testsuites>