<?xml version="1.0" encoding="utf-8"?><testsuites name="pytest tests"><testsuite name="pytest" errors="0" failures="0" skipped="0" tests="17" time="3.052" timestamp="2026-05-28T03:11:04.176965+00:00" hostname="agent-env-6202de17-f433-478e-8678-6d7fe132bb56"><testcase classname="backend.tests.test_stripe_shipments.TestPlans" name="test_plans_public_three_plans" time="0.172" /><testcase classname="backend.tests.test_stripe_shipments.TestPlans" name="test_plans_trial_and_ships_card" time="0.049" /><testcase classname="backend.tests.test_stripe_shipments.TestCheckout" name="test_checkout_pro_monthly_real_stripe" time="1.170" /><testcase classname="backend.tests.test_stripe_shipments.TestWebhookSignature" name="test_webhook_invalid_signature_returns_clean_error" time="0.117" /><testcase classname="backend.tests.test_stripe_shipments.TestSubscriptionFields" name="test_subscription_has_shipping_fields" time="0.051" /><testcase classname="backend.tests.test_stripe_shipments.TestAdminUsersShipmentFields" name="test_admin_users_includes_shipment_keys" time="0.051" /><testcase classname="backend.tests.test_stripe_shipments.TestAdminUsersShipmentFields" name="test_admin_users_requires_super_admin" time="0.328" /><testcase classname="backend.tests.test_stripe_shipments.TestAdminShipmentsList" name="test_shipments_super_admin_only" time="0.049" /><testcase classname="backend.tests.test_stripe_shipments.TestAdminShipmentsList" name="test_shipments_returns_list" time="0.054" /><testcase classname="backend.tests.test_stripe_shipments.TestAdminShipmentsList" name="test_shipments_status_filter_pending" time="0.049" /><testcase classname="backend.tests.test_stripe_shipments.TestAdminShipmentsList" name="test_shipments_status_all" time="0.046" /><testcase classname="backend.tests.test_stripe_shipments.TestAdminShipmentUpdate" name="test_update_invalid_status_400" time="0.098" /><testcase classname="backend.tests.test_stripe_shipments.TestAdminShipmentUpdate" name="test_update_unknown_user_404" time="0.201" /><testcase classname="backend.tests.test_stripe_shipments.TestAdminShipmentUpdate" name="test_update_requires_super_admin" time="0.109" /><testcase classname="backend.tests.test_stripe_shipments.TestAdminShipmentUpdate" name="test_update_shipped_autofills_shipped_at" time="0.154" /><testcase classname="backend.tests.test_stripe_shipments.TestAdminShipmentUpdate" name="test_update_delivered_autofills_delivered_at" time="0.104" /><testcase classname="backend.tests.test_stripe_shipments.TestAdminShipmentUpdate" name="test_update_appears_in_shipments_list" time="0.160" /></testsuite></testsuites>