<?xml version="1.0" encoding="utf-8"?><testsuites name="pytest tests"><testsuite name="pytest" errors="0" failures="0" skipped="0" tests="3" time="13.974" timestamp="2026-08-11T05:38:08.876904+00:00" hostname="agent-env-fbfd43a4-ff6e-4767-a099-6500587d80f4"><testcase classname="backend.tests.test_website_ai" name="test_ai_generate_website_content" time="10.888" /><testcase classname="backend.tests.test_website_ai" name="test_ai_suggest_design" time="1.650" /><testcase classname="backend.tests.test_website_ai" name="test_public_card_chat_regression" time="1.359" /></testsuite></testsuites>