<?xml version="1.0" encoding="utf-8"?><testsuites name="pytest tests"><testsuite name="pytest" errors="0" failures="1" skipped="0" tests="6" time="5.477" timestamp="2026-08-12T04:01:46.657686+00:00" hostname="agent-env-60f33216-33c5-4f68-9b3e-f9db1ccda6c0"><testcase classname="backend.tests.test_website_images.TestPhotoOptimization" name="test_default_no_accept" time="1.599" /><testcase classname="backend.tests.test_website_images.TestPhotoOptimization" name="test_webp_accept" time="1.119" /><testcase classname="backend.tests.test_website_images.TestPhotoOptimization" name="test_webp_resize_600_vs_1600" time="1.425" /><testcase classname="backend.tests.test_website_images.TestWebsiteNewFields" name="test_get_website" time="0.463"><failure message="AssertionError: missing field team_photo_id in GET /api/website response&#10;assert 'team_photo_id' in {'about': 'Uni2 Marketing Group helps hardworking business owners grow with clear strategy and technology that’s easy to use. With 25+ years in business, we build professional online foundations and streamlined systems that drive real results. Serving clients across the U.S. Monday–Friday, 8am–5pm PST.', 'accent_color': '#2563EB', 'areas': ['Your local area', 'Los Angeles, CA', 'San Diego, CA', 'Phoenix, AZ', 'Las Vegas, NV', 'Dallas, TX'], 'before_after': [{'after': 'f091ef3d-e313-4d8d-889d-55bdfd70a97b', 'before': '025520a3-f5d1-4dcb-801a-0a49701cd33b'}], ...}">backend/tests/test_website_images.py:76: in test_get_website
    assert f in data, f"missing field {f} in GET /api/website response"
E   AssertionError: missing field team_photo_id in GET /api/website response
E   assert 'team_photo_id' in {'about': 'Uni2 Marketing Group helps hardworking business owners grow with clear strategy and technology that’s easy to use. With 25+ years in business, we build professional online foundations and streamlined systems that drive real results. Serving clients across the U.S. Monday–Friday, 8am–5pm PST.', 'accent_color': '#2563EB', 'areas': ['Your local area', 'Los Angeles, CA', 'San Diego, CA', 'Phoenix, AZ', 'Las Vegas, NV', 'Dallas, TX'], 'before_after': [{'after': 'f091ef3d-e313-4d8d-889d-55bdfd70a97b', 'before': '025520a3-f5d1-4dcb-801a-0a49701cd33b'}], ...}</failure></testcase><testcase classname="backend.tests.test_website_images.TestWebsiteNewFields" name="test_put_why_photo_persist_and_restore" time="0.594" /><testcase classname="backend.tests.test_website_images.TestWebsiteNewFields" name="test_sections_defaults_include_feature_band" time="0.170" /></testsuite></testsuites>